[17-Aug-2020 13:58:48 Asia/Tokyo] POSTされた！
[17-Aug-2020 13:59:35 Asia/Tokyo] POSTされた！
[17-Aug-2020 13:59:37 Asia/Tokyo] POSTされた！
[17-Aug-2020 13:59:37 Asia/Tokyo] POSTされた！
[17-Aug-2020 13:59:38 Asia/Tokyo] POSTされた！
[17-Aug-2020 13:59:38 Asia/Tokyo] POSTされた！
[17-Aug-2020 13:59:39 Asia/Tokyo] POSTされた！
[17-Aug-2020 13:59:39 Asia/Tokyo] POSTされた！
[17-Aug-2020 13:59:40 Asia/Tokyo] POSTされた！
[17-Aug-2020 13:59:41 Asia/Tokyo] POSTされた！
[17-Aug-2020 13:59:41 Asia/Tokyo] POSTされた！
[17-Aug-2020 13:59:42 Asia/Tokyo] POSTされた！
[17-Aug-2020 13:59:42 Asia/Tokyo] POSTされた！
[17-Aug-2020 13:59:43 Asia/Tokyo] POSTされた！
[17-Aug-2020 13:59:43 Asia/Tokyo] POSTされた！
[17-Aug-2020 13:59:44 Asia/Tokyo] POSTされた！
[18-Aug-2020 10:19:09 Asia/Tokyo] PHP Fatal error:  Cannot make non static method HistoryInterface::set() static in class History in /Applications/MAMP/htdocs/objective_OP/webkatsu/fix.php on line 122
[18-Aug-2020 10:20:06 Asia/Tokyo] PHP Fatal error:  Cannot make non static method HistoryInterface::set() static in class History in /Applications/MAMP/htdocs/objective_OP/webkatsu/fix.php on line 122
[18-Aug-2020 10:20:06 Asia/Tokyo] PHP Fatal error:  Cannot make non static method HistoryInterface::set() static in class History in /Applications/MAMP/htdocs/objective_OP/webkatsu/fix.php on line 122
[18-Aug-2020 10:20:51 Asia/Tokyo] PHP Fatal error:  Cannot make non static method HistoryInterface::set() static in class History in /Applications/MAMP/htdocs/objective_OP/webkatsu/fix.php on line 132
[18-Aug-2020 10:21:29 Asia/Tokyo] PHP Fatal error:  Cannot make non static method HistoryInterface::set() static in class History in /Applications/MAMP/htdocs/objective_OP/webkatsu/fix.php on line 132
[18-Aug-2020 10:21:54 Asia/Tokyo] PHP Fatal error:  Cannot make non static method HistoryInterface::set() static in class History in /Applications/MAMP/htdocs/objective_OP/webkatsu/fix.php on line 132
[18-Aug-2020 10:22:38 Asia/Tokyo] PHP Fatal error:  Uncaught Error: Class 'Creature' not found in /Applications/MAMP/htdocs/objective_OP/webkatsu/fix.php:19
Stack trace:
#0 {main}
  thrown in /Applications/MAMP/htdocs/objective_OP/webkatsu/fix.php on line 19
[18-Aug-2020 10:24:06 Asia/Tokyo] PHP Fatal error:  Cannot make non static method HistoryInterface::set() static in class History in /Applications/MAMP/htdocs/objective_OP/webkatsu/fix.php on line 132
[18-Aug-2020 10:24:06 Asia/Tokyo] PHP Fatal error:  Cannot make non static method HistoryInterface::set() static in class History in /Applications/MAMP/htdocs/objective_OP/webkatsu/fix.php on line 132
[18-Aug-2020 10:24:07 Asia/Tokyo] PHP Fatal error:  Cannot make non static method HistoryInterface::set() static in class History in /Applications/MAMP/htdocs/objective_OP/webkatsu/fix.php on line 132
[18-Aug-2020 10:24:07 Asia/Tokyo] PHP Fatal error:  Cannot make non static method HistoryInterface::set() static in class History in /Applications/MAMP/htdocs/objective_OP/webkatsu/fix.php on line 132
[18-Aug-2020 10:24:08 Asia/Tokyo] PHP Fatal error:  Cannot make non static method HistoryInterface::set() static in class History in /Applications/MAMP/htdocs/objective_OP/webkatsu/fix.php on line 132
[18-Aug-2020 10:27:38 Asia/Tokyo] PHP Fatal error:  Cannot make non static method HistoryInterface::set() static in class History in /Applications/MAMP/htdocs/objective_OP/webkatsu/fix.php on line 132
[18-Aug-2020 10:27:39 Asia/Tokyo] PHP Fatal error:  Cannot make non static method HistoryInterface::set() static in class History in /Applications/MAMP/htdocs/objective_OP/webkatsu/fix.php on line 132
[18-Aug-2020 10:30:58 Asia/Tokyo] PHP Fatal error:  Cannot make non static method HistoryInterface::set() static in class History in /Applications/MAMP/htdocs/objective_OP/webkatsu/fix.php on line 132
[18-Aug-2020 10:31:49 Asia/Tokyo] PHP Fatal error:  Cannot make non static method HistoryInterface::set() static in class History in /Applications/MAMP/htdocs/objective_OP/webkatsu/fix.php on line 132
[18-Aug-2020 10:35:05 Asia/Tokyo] PHP Fatal error:  Cannot make non static method HistoryInterface::set() static in class History in /Applications/MAMP/htdocs/objective_OP/webkatsu/fix.php on line 132
[18-Aug-2020 10:35:05 Asia/Tokyo] PHP Fatal error:  Cannot make non static method HistoryInterface::set() static in class History in /Applications/MAMP/htdocs/objective_OP/webkatsu/fix.php on line 132
[18-Aug-2020 10:35:06 Asia/Tokyo] PHP Fatal error:  Cannot make non static method HistoryInterface::set() static in class History in /Applications/MAMP/htdocs/objective_OP/webkatsu/fix.php on line 132
[18-Aug-2020 10:35:07 Asia/Tokyo] PHP Fatal error:  Cannot make non static method HistoryInterface::set() static in class History in /Applications/MAMP/htdocs/objective_OP/webkatsu/fix.php on line 132
[18-Aug-2020 10:35:33 Asia/Tokyo] POSTされた！
[18-Aug-2020 10:35:36 Asia/Tokyo] POSTされた！
[18-Aug-2020 10:44:03 Asia/Tokyo] POSTされた！
[18-Aug-2020 10:44:04 Asia/Tokyo] POSTされた！
[18-Aug-2020 10:44:05 Asia/Tokyo] POSTされた！
[18-Aug-2020 10:44:06 Asia/Tokyo] POSTされた！
[18-Aug-2020 10:44:40 Asia/Tokyo] POSTされた！
[18-Aug-2020 10:44:42 Asia/Tokyo] POSTされた！
[18-Aug-2020 10:46:29 Asia/Tokyo] POSTされた！
[18-Aug-2020 10:46:30 Asia/Tokyo] POSTされた！
[18-Aug-2020 10:46:46 Asia/Tokyo] POSTされた！
[18-Aug-2020 10:46:47 Asia/Tokyo] POSTされた！
[18-Aug-2020 10:46:48 Asia/Tokyo] POSTされた！
[18-Aug-2020 10:46:49 Asia/Tokyo] POSTされた！
[18-Aug-2020 10:47:24 Asia/Tokyo] POSTされた！
[18-Aug-2020 10:47:24 Asia/Tokyo] POSTされた！
[18-Aug-2020 10:47:25 Asia/Tokyo] POSTされた！
[18-Aug-2020 10:47:25 Asia/Tokyo] POSTされた！
[18-Aug-2020 10:54:10 Asia/Tokyo] POSTされた！
[18-Aug-2020 11:03:27 Asia/Tokyo] POSTされた！
[18-Aug-2020 11:03:55 Asia/Tokyo] POSTされた！
[18-Aug-2020 11:04:04 Asia/Tokyo] POSTされた！
[18-Aug-2020 11:04:15 Asia/Tokyo] POSTされた！
[18-Aug-2020 11:04:53 Asia/Tokyo] POSTされた！
[18-Aug-2020 11:06:14 Asia/Tokyo] POSTされた！
[18-Aug-2020 11:06:20 Asia/Tokyo] POSTされた！
[18-Aug-2020 11:10:37 Asia/Tokyo] POSTされた！
[18-Aug-2020 11:10:37 Asia/Tokyo] PHP Notice:  Undefined index: human in /Applications/MAMP/htdocs/objective_OP/webkatsu/fix.php on line 191
[18-Aug-2020 11:10:37 Asia/Tokyo] PHP Fatal error:  Uncaught Error: Call to a member function getName() on null in /Applications/MAMP/htdocs/objective_OP/webkatsu/fix.php:191
Stack trace:
#0 {main}
  thrown in /Applications/MAMP/htdocs/objective_OP/webkatsu/fix.php on line 191
[18-Aug-2020 11:10:59 Asia/Tokyo] POSTされた！
[18-Aug-2020 11:10:59 Asia/Tokyo] PHP Notice:  Undefined index: human in /Applications/MAMP/htdocs/objective_OP/webkatsu/fix.php on line 191
[18-Aug-2020 11:10:59 Asia/Tokyo] PHP Fatal error:  Uncaught Error: Call to a member function getName() on null in /Applications/MAMP/htdocs/objective_OP/webkatsu/fix.php:191
Stack trace:
#0 {main}
  thrown in /Applications/MAMP/htdocs/objective_OP/webkatsu/fix.php on line 191
[18-Aug-2020 11:11:20 Asia/Tokyo] POSTされた！
[18-Aug-2020 11:11:20 Asia/Tokyo] PHP Notice:  Undefined index: human in /Applications/MAMP/htdocs/objective_OP/webkatsu/fix.php on line 191
[18-Aug-2020 11:11:20 Asia/Tokyo] PHP Fatal error:  Uncaught Error: Call to a member function getName() on null in /Applications/MAMP/htdocs/objective_OP/webkatsu/fix.php:191
Stack trace:
#0 {main}
  thrown in /Applications/MAMP/htdocs/objective_OP/webkatsu/fix.php on line 191
[18-Aug-2020 11:12:33 Asia/Tokyo] POSTされた！
[18-Aug-2020 11:12:33 Asia/Tokyo] PHP Notice:  Undefined index: human in /Applications/MAMP/htdocs/objective_OP/webkatsu/fix.php on line 191
[18-Aug-2020 11:12:33 Asia/Tokyo] PHP Fatal error:  Uncaught Error: Call to a member function getName() on null in /Applications/MAMP/htdocs/objective_OP/webkatsu/fix.php:191
Stack trace:
#0 {main}
  thrown in /Applications/MAMP/htdocs/objective_OP/webkatsu/fix.php on line 191
[18-Aug-2020 11:13:29 Asia/Tokyo] POSTされた！
[18-Aug-2020 11:13:29 Asia/Tokyo] PHP Notice:  Undefined index: human in /Applications/MAMP/htdocs/objective_OP/webkatsu/fix.php on line 191
[18-Aug-2020 11:13:29 Asia/Tokyo] PHP Fatal error:  Uncaught Error: Call to a member function getName() on null in /Applications/MAMP/htdocs/objective_OP/webkatsu/fix.php:191
Stack trace:
#0 {main}
  thrown in /Applications/MAMP/htdocs/objective_OP/webkatsu/fix.php on line 191
[18-Aug-2020 11:13:32 Asia/Tokyo] POSTされた！
[18-Aug-2020 11:13:32 Asia/Tokyo] PHP Notice:  Undefined index: human in /Applications/MAMP/htdocs/objective_OP/webkatsu/fix.php on line 191
[18-Aug-2020 11:13:32 Asia/Tokyo] PHP Fatal error:  Uncaught Error: Call to a member function getName() on null in /Applications/MAMP/htdocs/objective_OP/webkatsu/fix.php:191
Stack trace:
#0 {main}
  thrown in /Applications/MAMP/htdocs/objective_OP/webkatsu/fix.php on line 191
[18-Aug-2020 11:17:07 Asia/Tokyo] PHP Fatal error:  Cannot make non static method HistoryInterface::set() static in class History in /Applications/MAMP/htdocs/objective_OP/webkatsu/fix.php on line 132
[18-Aug-2020 11:17:44 Asia/Tokyo] POSTされた！
[18-Aug-2020 11:17:44 Asia/Tokyo] PHP Notice:  Undefined index: human in /Applications/MAMP/htdocs/objective_OP/webkatsu/fix.php on line 191
[18-Aug-2020 11:17:44 Asia/Tokyo] PHP Fatal error:  Uncaught Error: Call to a member function getName() on null in /Applications/MAMP/htdocs/objective_OP/webkatsu/fix.php:191
Stack trace:
#0 {main}
  thrown in /Applications/MAMP/htdocs/objective_OP/webkatsu/fix.php on line 191
[18-Aug-2020 11:20:20 Asia/Tokyo] POSTされた！
[18-Aug-2020 11:20:25 Asia/Tokyo] POSTされた！
[18-Aug-2020 11:20:26 Asia/Tokyo] POSTされた！
[18-Aug-2020 11:20:27 Asia/Tokyo] POSTされた！
[18-Aug-2020 11:20:27 Asia/Tokyo] POSTされた！
[18-Aug-2020 11:20:27 Asia/Tokyo] POSTされた！
[18-Aug-2020 11:20:28 Asia/Tokyo] POSTされた！
[18-Aug-2020 11:21:25 Asia/Tokyo] POSTされた！
[18-Aug-2020 11:21:25 Asia/Tokyo] PHP Notice:  Undefined index: human in /Applications/MAMP/htdocs/objective_OP/webkatsu/fix.php on line 191
[18-Aug-2020 11:21:25 Asia/Tokyo] PHP Fatal error:  Uncaught Error: Call to a member function getName() on null in /Applications/MAMP/htdocs/objective_OP/webkatsu/fix.php:191
Stack trace:
#0 {main}
  thrown in /Applications/MAMP/htdocs/objective_OP/webkatsu/fix.php on line 191
[18-Aug-2020 11:21:26 Asia/Tokyo] POSTされた！
[18-Aug-2020 11:21:26 Asia/Tokyo] PHP Notice:  Undefined index: human in /Applications/MAMP/htdocs/objective_OP/webkatsu/fix.php on line 191
[18-Aug-2020 11:21:26 Asia/Tokyo] PHP Fatal error:  Uncaught Error: Call to a member function getName() on null in /Applications/MAMP/htdocs/objective_OP/webkatsu/fix.php:191
Stack trace:
#0 {main}
  thrown in /Applications/MAMP/htdocs/objective_OP/webkatsu/fix.php on line 191
[18-Aug-2020 11:21:35 Asia/Tokyo] POSTされた！
[18-Aug-2020 11:21:45 Asia/Tokyo] POSTされた！
[18-Aug-2020 11:22:42 Asia/Tokyo] POSTされた！
[18-Aug-2020 11:22:45 Asia/Tokyo] POSTされた！
[18-Aug-2020 11:22:45 Asia/Tokyo] POSTされた！
[18-Aug-2020 11:22:46 Asia/Tokyo] POSTされた！
[18-Aug-2020 11:22:47 Asia/Tokyo] POSTされた！
[18-Aug-2020 11:22:47 Asia/Tokyo] POSTされた！
[18-Aug-2020 11:22:48 Asia/Tokyo] POSTされた！
[18-Aug-2020 11:22:48 Asia/Tokyo] POSTされた！
[18-Aug-2020 11:24:23 Asia/Tokyo] POSTされた！
[18-Aug-2020 11:24:26 Asia/Tokyo] POSTされた！
[18-Aug-2020 11:24:27 Asia/Tokyo] POSTされた！
[18-Aug-2020 11:24:27 Asia/Tokyo] POSTされた！
[18-Aug-2020 11:26:56 Asia/Tokyo] POSTされた！
[18-Aug-2020 11:26:57 Asia/Tokyo] POSTされた！
[18-Aug-2020 11:27:38 Asia/Tokyo] POSTされた！
[18-Aug-2020 11:27:40 Asia/Tokyo] POSTされた！
[18-Aug-2020 11:27:41 Asia/Tokyo] POSTされた！
[18-Aug-2020 11:29:27 Asia/Tokyo] POSTされた！
[18-Aug-2020 11:29:27 Asia/Tokyo] PHP Notice:  Undefined index: human in /Applications/MAMP/htdocs/objective_OP/webkatsu/fix.php on line 191
[18-Aug-2020 11:29:27 Asia/Tokyo] PHP Fatal error:  Uncaught Error: Call to a member function getName() on null in /Applications/MAMP/htdocs/objective_OP/webkatsu/fix.php:191
Stack trace:
#0 {main}
  thrown in /Applications/MAMP/htdocs/objective_OP/webkatsu/fix.php on line 191
[18-Aug-2020 11:29:48 Asia/Tokyo] POSTされた！
[18-Aug-2020 11:29:48 Asia/Tokyo] PHP Notice:  Undefined index: human in /Applications/MAMP/htdocs/objective_OP/webkatsu/fix.php on line 191
[18-Aug-2020 11:29:48 Asia/Tokyo] PHP Fatal error:  Uncaught Error: Call to a member function getName() on null in /Applications/MAMP/htdocs/objective_OP/webkatsu/fix.php:191
Stack trace:
#0 {main}
  thrown in /Applications/MAMP/htdocs/objective_OP/webkatsu/fix.php on line 191
[18-Aug-2020 11:30:12 Asia/Tokyo] POSTされた！
[18-Aug-2020 11:30:12 Asia/Tokyo] PHP Notice:  Undefined index: human in /Applications/MAMP/htdocs/objective_OP/webkatsu/fix.php on line 191
[18-Aug-2020 11:30:12 Asia/Tokyo] PHP Fatal error:  Uncaught Error: Call to a member function getName() on null in /Applications/MAMP/htdocs/objective_OP/webkatsu/fix.php:191
Stack trace:
#0 {main}
  thrown in /Applications/MAMP/htdocs/objective_OP/webkatsu/fix.php on line 191
[18-Aug-2020 11:30:26 Asia/Tokyo] POSTされた！
[18-Aug-2020 11:30:27 Asia/Tokyo] POSTされた！
[18-Aug-2020 11:31:18 Asia/Tokyo] POSTされた！
[18-Aug-2020 11:31:18 Asia/Tokyo] PHP Notice:  Undefined index: human in /Applications/MAMP/htdocs/objective_OP/webkatsu/fix.php on line 191
[18-Aug-2020 11:31:18 Asia/Tokyo] PHP Fatal error:  Uncaught Error: Call to a member function getName() on null in /Applications/MAMP/htdocs/objective_OP/webkatsu/fix.php:191
Stack trace:
#0 {main}
  thrown in /Applications/MAMP/htdocs/objective_OP/webkatsu/fix.php on line 191
[18-Aug-2020 11:31:31 Asia/Tokyo] POSTされた！
[18-Aug-2020 11:32:03 Asia/Tokyo] POSTされた！
[18-Aug-2020 11:32:04 Asia/Tokyo] POSTされた！
[18-Aug-2020 11:32:05 Asia/Tokyo] POSTされた！
[18-Aug-2020 11:32:41 Asia/Tokyo] POSTされた！
[18-Aug-2020 11:32:43 Asia/Tokyo] POSTされた！
[18-Aug-2020 11:32:43 Asia/Tokyo] POSTされた！
[18-Aug-2020 11:32:44 Asia/Tokyo] POSTされた！
[18-Aug-2020 11:32:44 Asia/Tokyo] POSTされた！
[18-Aug-2020 11:32:45 Asia/Tokyo] POSTされた！
[18-Aug-2020 11:32:59 Asia/Tokyo] POSTされた！
[18-Aug-2020 11:32:59 Asia/Tokyo] POSTされた！
[18-Aug-2020 11:33:01 Asia/Tokyo] POSTされた！
[18-Aug-2020 11:33:01 Asia/Tokyo] POSTされた！
[18-Aug-2020 11:33:02 Asia/Tokyo] POSTされた！
[18-Aug-2020 11:33:02 Asia/Tokyo] POSTされた！
[18-Aug-2020 11:33:02 Asia/Tokyo] POSTされた！
[18-Aug-2020 11:33:02 Asia/Tokyo] POSTされた！
[18-Aug-2020 11:41:20 Asia/Tokyo] POSTされた！
[18-Aug-2020 11:41:20 Asia/Tokyo] PHP Notice:  Undefined index: human in /Applications/MAMP/htdocs/objective_OP/webkatsu/fix.php on line 191
[18-Aug-2020 11:41:20 Asia/Tokyo] PHP Fatal error:  Uncaught Error: Call to a member function getName() on null in /Applications/MAMP/htdocs/objective_OP/webkatsu/fix.php:191
Stack trace:
#0 {main}
  thrown in /Applications/MAMP/htdocs/objective_OP/webkatsu/fix.php on line 191
[18-Aug-2020 11:41:34 Asia/Tokyo] POSTされた！
[18-Aug-2020 11:41:34 Asia/Tokyo] POSTされた！
[18-Aug-2020 11:41:34 Asia/Tokyo] POSTされた！
[18-Aug-2020 11:41:35 Asia/Tokyo] POSTされた！
[18-Aug-2020 11:41:35 Asia/Tokyo] POSTされた！
[18-Aug-2020 11:41:35 Asia/Tokyo] POSTされた！
[18-Aug-2020 11:41:50 Asia/Tokyo] POSTされた！
[18-Aug-2020 11:41:50 Asia/Tokyo] POSTされた！
[18-Aug-2020 11:41:52 Asia/Tokyo] POSTされた！
[18-Aug-2020 11:41:52 Asia/Tokyo] POSTされた！
[18-Aug-2020 11:41:57 Asia/Tokyo] POSTされた！
[18-Aug-2020 11:41:57 Asia/Tokyo] POSTされた！
[18-Aug-2020 11:42:00 Asia/Tokyo] POSTされた！
[18-Aug-2020 11:42:00 Asia/Tokyo] POSTされた！
[18-Aug-2020 11:42:04 Asia/Tokyo] POSTされた！
[18-Aug-2020 11:42:04 Asia/Tokyo] POSTされた！
[18-Aug-2020 11:42:08 Asia/Tokyo] POSTされた！
[18-Aug-2020 11:42:08 Asia/Tokyo] POSTされた！
[18-Aug-2020 11:42:59 Asia/Tokyo] POSTされた！
[18-Aug-2020 11:42:59 Asia/Tokyo] POSTされた！
[18-Aug-2020 11:43:23 Asia/Tokyo] POSTされた！
[18-Aug-2020 11:43:23 Asia/Tokyo] POSTされた！
[18-Aug-2020 11:43:32 Asia/Tokyo] POSTされた！
[18-Aug-2020 11:43:32 Asia/Tokyo] POSTされた！
[18-Aug-2020 11:43:35 Asia/Tokyo] POSTされた！
[18-Aug-2020 11:43:35 Asia/Tokyo] POSTされた！
[18-Aug-2020 11:44:09 Asia/Tokyo] POSTされた！
[18-Aug-2020 11:44:45 Asia/Tokyo] POSTされた！
[18-Aug-2020 11:44:47 Asia/Tokyo] POSTされた！
[18-Aug-2020 11:45:52 Asia/Tokyo] POSTされた！
[18-Aug-2020 11:46:26 Asia/Tokyo] POSTされた！
[18-Aug-2020 11:46:31 Asia/Tokyo] POSTされた！
[18-Aug-2020 11:46:36 Asia/Tokyo] POSTされた！
[18-Aug-2020 11:46:37 Asia/Tokyo] POSTされた！
[18-Aug-2020 11:47:28 Asia/Tokyo] POSTされた！
[18-Aug-2020 11:47:48 Asia/Tokyo] POSTされた！
[18-Aug-2020 12:15:18 Asia/Tokyo] POSTされた！
[18-Aug-2020 12:15:18 Asia/Tokyo] PHP Notice:  Undefined index: human in /Applications/MAMP/htdocs/objective_OP/webkatsu/fix.php on line 191
[18-Aug-2020 12:15:18 Asia/Tokyo] PHP Fatal error:  Uncaught Error: Call to a member function getName() on null in /Applications/MAMP/htdocs/objective_OP/webkatsu/fix.php:191
Stack trace:
#0 {main}
  thrown in /Applications/MAMP/htdocs/objective_OP/webkatsu/fix.php on line 191
[18-Aug-2020 12:19:55 Asia/Tokyo] PHP Notice:  Undefined variable: attackFlg in /Applications/MAMP/htdocs/objective_OP/webkatsu/fix.php on line 216
[18-Aug-2020 12:19:55 Asia/Tokyo] PHP Notice:  Undefined index: knockDownCount in /Applications/MAMP/htdocs/objective_OP/webkatsu/fix.php on line 322
[18-Aug-2020 12:19:57 Asia/Tokyo] PHP Notice:  Undefined index: human in /Applications/MAMP/htdocs/objective_OP/webkatsu/fix.php on line 323
[18-Aug-2020 12:19:57 Asia/Tokyo] PHP Fatal error:  Uncaught Error: Call to a member function getHp() on null in /Applications/MAMP/htdocs/objective_OP/webkatsu/fix.php:323
Stack trace:
#0 {main}
  thrown in /Applications/MAMP/htdocs/objective_OP/webkatsu/fix.php on line 323
[18-Aug-2020 12:20:11 Asia/Tokyo] PHP Notice:  Undefined variable: attackFlg in /Applications/MAMP/htdocs/objective_OP/webkatsu/fix.php on line 216
[18-Aug-2020 12:20:11 Asia/Tokyo] PHP Notice:  Undefined index: knockDownCount in /Applications/MAMP/htdocs/objective_OP/webkatsu/fix.php on line 322
[18-Aug-2020 12:20:13 Asia/Tokyo] PHP Notice:  Undefined index: human in /Applications/MAMP/htdocs/objective_OP/webkatsu/fix.php on line 323
[18-Aug-2020 12:20:13 Asia/Tokyo] PHP Fatal error:  Uncaught Error: Call to a member function getHp() on null in /Applications/MAMP/htdocs/objective_OP/webkatsu/fix.php:323
Stack trace:
#0 {main}
  thrown in /Applications/MAMP/htdocs/objective_OP/webkatsu/fix.php on line 323
[18-Aug-2020 12:20:28 Asia/Tokyo] PHP Notice:  Undefined variable: attackFlg in /Applications/MAMP/htdocs/objective_OP/webkatsu/fix.php on line 216
[18-Aug-2020 12:20:28 Asia/Tokyo] PHP Notice:  Undefined index: knockDownCount in /Applications/MAMP/htdocs/objective_OP/webkatsu/fix.php on line 322
[18-Aug-2020 12:20:28 Asia/Tokyo] PHP Notice:  Undefined index: human in /Applications/MAMP/htdocs/objective_OP/webkatsu/fix.php on line 323
[18-Aug-2020 12:20:28 Asia/Tokyo] PHP Fatal error:  Uncaught Error: Call to a member function getHp() on null in /Applications/MAMP/htdocs/objective_OP/webkatsu/fix.php:323
Stack trace:
#0 {main}
  thrown in /Applications/MAMP/htdocs/objective_OP/webkatsu/fix.php on line 323
[18-Aug-2020 12:20:38 Asia/Tokyo] PHP Notice:  Undefined variable: attackFlg in /Applications/MAMP/htdocs/objective_OP/webkatsu/fix.php on line 216
[18-Aug-2020 12:20:38 Asia/Tokyo] PHP Notice:  Undefined index: knockDownCount in /Applications/MAMP/htdocs/objective_OP/webkatsu/fix.php on line 322
[18-Aug-2020 12:20:38 Asia/Tokyo] PHP Notice:  Undefined index: human in /Applications/MAMP/htdocs/objective_OP/webkatsu/fix.php on line 323
[18-Aug-2020 12:20:38 Asia/Tokyo] PHP Fatal error:  Uncaught Error: Call to a member function getHp() on null in /Applications/MAMP/htdocs/objective_OP/webkatsu/fix.php:323
Stack trace:
#0 {main}
  thrown in /Applications/MAMP/htdocs/objective_OP/webkatsu/fix.php on line 323
[18-Aug-2020 12:20:51 Asia/Tokyo] POSTされた！
[18-Aug-2020 12:20:53 Asia/Tokyo] POSTされた！
[18-Aug-2020 12:20:54 Asia/Tokyo] POSTされた！
[18-Aug-2020 12:20:55 Asia/Tokyo] POSTされた！
[18-Aug-2020 12:20:55 Asia/Tokyo] POSTされた！
[18-Aug-2020 12:20:56 Asia/Tokyo] POSTされた！
[18-Aug-2020 12:20:56 Asia/Tokyo] POSTされた！
[18-Aug-2020 12:20:56 Asia/Tokyo] POSTされた！
[18-Aug-2020 12:20:56 Asia/Tokyo] POSTされた！
[18-Aug-2020 12:20:58 Asia/Tokyo] POSTされた！
[18-Aug-2020 12:21:00 Asia/Tokyo] POSTされた！
[18-Aug-2020 12:26:10 Asia/Tokyo] PHP Notice:  Undefined variable: attackFlg in /Applications/MAMP/htdocs/objective_OP/webkatsu/fix.php on line 216
[18-Aug-2020 12:26:10 Asia/Tokyo] PHP Notice:  Undefined index: knockDownCount in /Applications/MAMP/htdocs/objective_OP/webkatsu/fix.php on line 322
[18-Aug-2020 12:26:10 Asia/Tokyo] PHP Notice:  Undefined index: human in /Applications/MAMP/htdocs/objective_OP/webkatsu/fix.php on line 323
[18-Aug-2020 12:26:10 Asia/Tokyo] PHP Fatal error:  Uncaught Error: Call to a member function getHp() on null in /Applications/MAMP/htdocs/objective_OP/webkatsu/fix.php:323
Stack trace:
#0 {main}
  thrown in /Applications/MAMP/htdocs/objective_OP/webkatsu/fix.php on line 323
[18-Aug-2020 12:26:38 Asia/Tokyo] PHP Notice:  Undefined variable: attackFlg in /Applications/MAMP/htdocs/objective_OP/webkatsu/fix.php on line 216
[18-Aug-2020 12:26:38 Asia/Tokyo] PHP Notice:  Undefined index: knockDownCount in /Applications/MAMP/htdocs/objective_OP/webkatsu/fix.php on line 322
[18-Aug-2020 12:26:38 Asia/Tokyo] PHP Notice:  Undefined index: human in /Applications/MAMP/htdocs/objective_OP/webkatsu/fix.php on line 323
[18-Aug-2020 12:26:38 Asia/Tokyo] PHP Fatal error:  Uncaught Error: Call to a member function getHp() on null in /Applications/MAMP/htdocs/objective_OP/webkatsu/fix.php:323
Stack trace:
#0 {main}
  thrown in /Applications/MAMP/htdocs/objective_OP/webkatsu/fix.php on line 323
[18-Aug-2020 12:26:43 Asia/Tokyo] PHP Notice:  Undefined variable: attackFlg in /Applications/MAMP/htdocs/objective_OP/webkatsu/fix.php on line 216
[18-Aug-2020 12:26:43 Asia/Tokyo] PHP Notice:  Undefined index: knockDownCount in /Applications/MAMP/htdocs/objective_OP/webkatsu/fix.php on line 322
[18-Aug-2020 12:26:43 Asia/Tokyo] PHP Notice:  Undefined index: human in /Applications/MAMP/htdocs/objective_OP/webkatsu/fix.php on line 323
[18-Aug-2020 12:26:43 Asia/Tokyo] PHP Fatal error:  Uncaught Error: Call to a member function getHp() on null in /Applications/MAMP/htdocs/objective_OP/webkatsu/fix.php:323
Stack trace:
#0 {main}
  thrown in /Applications/MAMP/htdocs/objective_OP/webkatsu/fix.php on line 323
[18-Aug-2020 12:26:51 Asia/Tokyo] POSTされた！
[18-Aug-2020 12:26:53 Asia/Tokyo] POSTされた！
[18-Aug-2020 12:26:54 Asia/Tokyo] POSTされた！
[18-Aug-2020 12:44:07 Asia/Tokyo] POSTされた！
[18-Aug-2020 12:44:16 Asia/Tokyo] POSTされた！
[18-Aug-2020 12:44:18 Asia/Tokyo] POSTされた！
[18-Aug-2020 12:44:19 Asia/Tokyo] POSTされた！
[18-Aug-2020 12:44:20 Asia/Tokyo] POSTされた！
[18-Aug-2020 12:44:20 Asia/Tokyo] POSTされた！
[18-Aug-2020 12:44:21 Asia/Tokyo] POSTされた！
[18-Aug-2020 12:44:23 Asia/Tokyo] POSTされた！
[18-Aug-2020 12:44:28 Asia/Tokyo] POSTされた！
[18-Aug-2020 12:49:10 Asia/Tokyo] POSTされた！
[18-Aug-2020 12:49:13 Asia/Tokyo] POSTされた！
[18-Aug-2020 12:49:14 Asia/Tokyo] POSTされた！
[18-Aug-2020 12:49:15 Asia/Tokyo] POSTされた！
[18-Aug-2020 12:50:42 Asia/Tokyo] POSTされた！
[18-Aug-2020 12:50:44 Asia/Tokyo] POSTされた！
[18-Aug-2020 12:52:39 Asia/Tokyo] POSTされた！
[18-Aug-2020 12:52:42 Asia/Tokyo] POSTされた！
[18-Aug-2020 12:52:43 Asia/Tokyo] POSTされた！
[18-Aug-2020 12:52:43 Asia/Tokyo] POSTされた！
[18-Aug-2020 12:52:44 Asia/Tokyo] POSTされた！
[18-Aug-2020 12:52:45 Asia/Tokyo] POSTされた！
[18-Aug-2020 12:52:45 Asia/Tokyo] POSTされた！
[18-Aug-2020 12:52:46 Asia/Tokyo] POSTされた！
[18-Aug-2020 12:52:46 Asia/Tokyo] POSTされた！
[18-Aug-2020 12:52:47 Asia/Tokyo] POSTされた！
[18-Aug-2020 12:52:47 Asia/Tokyo] POSTされた！
[18-Aug-2020 12:52:48 Asia/Tokyo] POSTされた！
[18-Aug-2020 12:52:48 Asia/Tokyo] POSTされた！
[18-Aug-2020 12:52:49 Asia/Tokyo] POSTされた！
[18-Aug-2020 12:52:51 Asia/Tokyo] POSTされた！
[18-Aug-2020 12:52:52 Asia/Tokyo] POSTされた！
[18-Aug-2020 12:52:53 Asia/Tokyo] POSTされた！
[18-Aug-2020 12:52:54 Asia/Tokyo] POSTされた！
[18-Aug-2020 12:53:06 Asia/Tokyo] POSTされた！
[18-Aug-2020 12:53:07 Asia/Tokyo] POSTされた！
[18-Aug-2020 12:53:08 Asia/Tokyo] POSTされた！
[18-Aug-2020 12:53:09 Asia/Tokyo] POSTされた！
[18-Aug-2020 12:53:17 Asia/Tokyo] POSTされた！
[18-Aug-2020 12:53:19 Asia/Tokyo] POSTされた！
[18-Aug-2020 12:54:40 Asia/Tokyo] POSTされた！
[18-Aug-2020 12:54:42 Asia/Tokyo] POSTされた！
[18-Aug-2020 12:54:43 Asia/Tokyo] POSTされた！
[18-Aug-2020 12:54:47 Asia/Tokyo] POSTされた！
[18-Aug-2020 12:54:50 Asia/Tokyo] POSTされた！
[18-Aug-2020 12:54:54 Asia/Tokyo] POSTされた！
[18-Aug-2020 12:57:24 Asia/Tokyo] POSTされた！
[18-Aug-2020 12:57:29 Asia/Tokyo] POSTされた！
[18-Aug-2020 12:59:28 Asia/Tokyo] POSTされた！
[18-Aug-2020 12:59:28 Asia/Tokyo] デバッグ：アタックフラグ前：1
[18-Aug-2020 12:59:28 Asia/Tokyo] デバッグ：アタックフラグ後：1
[18-Aug-2020 12:59:30 Asia/Tokyo] POSTされた！
[18-Aug-2020 12:59:30 Asia/Tokyo] デバッグ：アタックフラグ前：1
[18-Aug-2020 12:59:30 Asia/Tokyo] デバッグ：アタックフラグ後：1
[18-Aug-2020 12:59:31 Asia/Tokyo] POSTされた！
[18-Aug-2020 12:59:31 Asia/Tokyo] デバッグ：アタックフラグ前：1
[18-Aug-2020 12:59:31 Asia/Tokyo] デバッグ：アタックフラグ後：1
[18-Aug-2020 13:01:36 Asia/Tokyo] POSTされた！
[18-Aug-2020 13:01:36 Asia/Tokyo] デバッグ：アタックフラグ前：Array
(
    [attack] => ▶攻撃する
)

[18-Aug-2020 13:01:36 Asia/Tokyo] デバッグ：アタックフラグ後：Array
(
)

[18-Aug-2020 13:01:38 Asia/Tokyo] POSTされた！
[18-Aug-2020 13:01:38 Asia/Tokyo] デバッグ：アタックフラグ前：Array
(
    [attack] => ▶攻撃する
)

[18-Aug-2020 13:01:38 Asia/Tokyo] デバッグ：アタックフラグ後：Array
(
)

[18-Aug-2020 13:01:39 Asia/Tokyo] POSTされた！
[18-Aug-2020 13:01:39 Asia/Tokyo] デバッグ：アタックフラグ前：Array
(
    [attack] => ▶攻撃する
)

[18-Aug-2020 13:01:39 Asia/Tokyo] デバッグ：アタックフラグ後：Array
(
)

[18-Aug-2020 13:01:40 Asia/Tokyo] POSTされた！
[18-Aug-2020 13:01:40 Asia/Tokyo] デバッグ：アタックフラグ前：Array
(
    [attack] => ▶攻撃する
)

[18-Aug-2020 13:01:40 Asia/Tokyo] デバッグ：アタックフラグ後：Array
(
)

[18-Aug-2020 13:09:16 Asia/Tokyo] POSTされた！
[18-Aug-2020 13:09:16 Asia/Tokyo] デバッグ：アタックフラグ前：Array
(
    [attack] => ▶攻撃する
)

[18-Aug-2020 13:09:16 Asia/Tokyo] デバッグ：アタックフラグ後：Array
(
)

[18-Aug-2020 13:09:49 Asia/Tokyo] POSTされた！
[18-Aug-2020 13:09:49 Asia/Tokyo] デバッグ：アタックフラグ前：Array
(
    [attack] => ▶攻撃する
)

[18-Aug-2020 13:09:49 Asia/Tokyo] デバッグ：アタックフラグ後：Array
(
)

[18-Aug-2020 13:09:50 Asia/Tokyo] POSTされた！
[18-Aug-2020 13:09:50 Asia/Tokyo] デバッグ：アタックフラグ前：Array
(
    [start] => ▶ゲームリスタート
)

[18-Aug-2020 13:09:50 Asia/Tokyo] デバッグ：アタックフラグ後：Array
(
)

[18-Aug-2020 13:09:51 Asia/Tokyo] POSTされた！
[18-Aug-2020 13:09:51 Asia/Tokyo] デバッグ：アタックフラグ前：Array
(
    [attack] => ▶攻撃する
)

[18-Aug-2020 13:09:51 Asia/Tokyo] デバッグ：アタックフラグ後：Array
(
)

[18-Aug-2020 13:10:09 Asia/Tokyo] POSTされた！
[18-Aug-2020 13:10:09 Asia/Tokyo] デバッグ：アタックフラグ前：Array
(
    [next] => ▶次へ
)

[18-Aug-2020 13:10:09 Asia/Tokyo] デバッグ：アタックフラグ後：Array
(
)

[18-Aug-2020 13:10:13 Asia/Tokyo] POSTされた！
[18-Aug-2020 13:10:13 Asia/Tokyo] デバッグ：アタックフラグ前：Array
(
    [next] => ▶次へ
)

[18-Aug-2020 13:10:13 Asia/Tokyo] デバッグ：アタックフラグ後：Array
(
)

[18-Aug-2020 13:17:57 Asia/Tokyo] POSTされた！
[18-Aug-2020 13:17:57 Asia/Tokyo] デバッグ：アタックフラグ前：Array
(
    [next] => ▶次へ
)

[18-Aug-2020 13:17:57 Asia/Tokyo] デバッグ：アタックフラグ後：Array
(
)

[18-Aug-2020 13:20:41 Asia/Tokyo] POSTされた！
[18-Aug-2020 13:20:41 Asia/Tokyo] デバッグ：アタックフラグ前：Array
(
    [next] => ▶次へ
)

[18-Aug-2020 13:20:41 Asia/Tokyo] デバッグ：アタックフラグ後：Array
(
)

[18-Aug-2020 13:21:02 Asia/Tokyo] POSTされた！
[18-Aug-2020 13:21:02 Asia/Tokyo] デバッグ：アタックフラグ前：Array
(
    [next] => ▶次へ
)

[18-Aug-2020 13:21:02 Asia/Tokyo] デバッグ：アタックフラグ後：Array
(
)

[18-Aug-2020 13:24:17 Asia/Tokyo] POSTされた！
[18-Aug-2020 13:24:17 Asia/Tokyo] デバッグ：アタックフラグ前：Array
(
    [next] => ▶次へ
)

[18-Aug-2020 13:24:17 Asia/Tokyo] デバッグ：アタックフラグ後：Array
(
)

[18-Aug-2020 13:24:52 Asia/Tokyo] POSTされた！
[18-Aug-2020 13:24:52 Asia/Tokyo] デバッグ：アタックフラグ前：Array
(
    [next] => ▶次へ
)

[18-Aug-2020 13:24:52 Asia/Tokyo] デバッグ：アタックフラグ後：Array
(
)

[18-Aug-2020 13:25:14 Asia/Tokyo] POSTされた！
[18-Aug-2020 13:25:14 Asia/Tokyo] デバッグ：アタックフラグ前：Array
(
    [next] => ▶次へ
)

[18-Aug-2020 13:25:14 Asia/Tokyo] デバッグ：アタックフラグ後：Array
(
)

[18-Aug-2020 13:26:57 Asia/Tokyo] POSTされた！
[18-Aug-2020 13:26:57 Asia/Tokyo] デバッグ：アタックフラグ前：Array
(
    [next] => ▶次へ
)

[18-Aug-2020 13:26:57 Asia/Tokyo] デバッグ：アタックフラグ後：Array
(
)

[18-Aug-2020 13:26:59 Asia/Tokyo] POSTされた！
[18-Aug-2020 13:26:59 Asia/Tokyo] デバッグ：アタックフラグ前：Array
(
    [start] => ▶ゲームリスタート
)

[18-Aug-2020 13:26:59 Asia/Tokyo] デバッグ：アタックフラグ後：Array
(
)

[18-Aug-2020 13:27:00 Asia/Tokyo] POSTされた！
[18-Aug-2020 13:27:00 Asia/Tokyo] デバッグ：アタックフラグ前：Array
(
    [start] => ▶ゲームリスタート
)

[18-Aug-2020 13:27:00 Asia/Tokyo] デバッグ：アタックフラグ後：Array
(
)

[18-Aug-2020 13:28:52 Asia/Tokyo] POSTされた！
[18-Aug-2020 13:28:52 Asia/Tokyo] デバッグ：アタックフラグ前：Array
(
    [start] => ▶ゲームリスタート
)

[18-Aug-2020 13:28:52 Asia/Tokyo] デバッグ：アタックフラグ後：Array
(
)

[18-Aug-2020 13:30:17 Asia/Tokyo] POSTされた！
[18-Aug-2020 13:30:17 Asia/Tokyo] デバッグ：アタックフラグ前：Array
(
    [start] => ▶ゲームリスタート
)

[18-Aug-2020 13:30:17 Asia/Tokyo] デバッグ：アタックフラグ後：Array
(
)

[18-Aug-2020 13:30:19 Asia/Tokyo] POSTされた！
[18-Aug-2020 13:30:19 Asia/Tokyo] デバッグ：アタックフラグ前：Array
(
    [attack] => ▶攻撃する
)

[18-Aug-2020 13:30:19 Asia/Tokyo] デバッグ：アタックフラグ後：Array
(
)

[18-Aug-2020 13:30:56 Asia/Tokyo] POSTされた！
[18-Aug-2020 13:30:56 Asia/Tokyo] デバッグ：アタックフラグ前：Array
(
    [attack] => ▶攻撃する
)

[18-Aug-2020 13:30:56 Asia/Tokyo] デバッグ：アタックフラグ後：Array
(
)

[18-Aug-2020 13:30:58 Asia/Tokyo] POSTされた！
[18-Aug-2020 13:30:58 Asia/Tokyo] デバッグ：アタックフラグ前：Array
(
    [attack] => ▶攻撃する
)

[18-Aug-2020 13:30:58 Asia/Tokyo] デバッグ：アタックフラグ後：Array
(
)

[18-Aug-2020 13:31:46 Asia/Tokyo] POSTされた！
[18-Aug-2020 13:31:46 Asia/Tokyo] デバッグ：$next：2
[18-Aug-2020 13:32:32 Asia/Tokyo] POSTされた！
[18-Aug-2020 13:32:32 Asia/Tokyo] デバッグ：$next：2
[18-Aug-2020 13:33:24 Asia/Tokyo] POSTされた！
[18-Aug-2020 13:33:24 Asia/Tokyo] デバッグ：$next：1
[18-Aug-2020 13:33:25 Asia/Tokyo] POSTされた！
[18-Aug-2020 13:33:25 Asia/Tokyo] デバッグ：$next：1
[18-Aug-2020 13:33:33 Asia/Tokyo] POSTされた！
[18-Aug-2020 13:33:33 Asia/Tokyo] デバッグ：$next：2
[18-Aug-2020 13:34:01 Asia/Tokyo] POSTされた！
[18-Aug-2020 13:34:01 Asia/Tokyo] デバッグ：$next：2
[18-Aug-2020 13:34:16 Asia/Tokyo] POSTされた！
[18-Aug-2020 13:34:16 Asia/Tokyo] デバッグ：$next：2
[18-Aug-2020 13:35:12 Asia/Tokyo] POSTされた！
[18-Aug-2020 13:35:12 Asia/Tokyo] デバッグ：$next：1
[18-Aug-2020 13:35:39 Asia/Tokyo] POSTされた！
[18-Aug-2020 13:35:39 Asia/Tokyo] デバッグ：$next：1
[18-Aug-2020 13:35:40 Asia/Tokyo] POSTされた！
[18-Aug-2020 13:35:40 Asia/Tokyo] デバッグ：$next：2
[18-Aug-2020 13:36:15 Asia/Tokyo] POSTされた！
[18-Aug-2020 13:36:15 Asia/Tokyo] デバッグ：$next：2
[18-Aug-2020 13:36:19 Asia/Tokyo] POSTされた！
[18-Aug-2020 13:36:19 Asia/Tokyo] デバッグ：$next：1
[18-Aug-2020 13:36:55 Asia/Tokyo] POSTされた！
[18-Aug-2020 13:36:55 Asia/Tokyo] デバッグ：$next：1
[18-Aug-2020 13:36:57 Asia/Tokyo] POSTされた！
[18-Aug-2020 13:36:57 Asia/Tokyo] デバッグ：$next：2
[18-Aug-2020 13:37:15 Asia/Tokyo] POSTされた！
[18-Aug-2020 13:37:15 Asia/Tokyo] デバッグ：$next：2
[18-Aug-2020 13:37:17 Asia/Tokyo] POSTされた！
[18-Aug-2020 13:37:17 Asia/Tokyo] デバッグ：$next：2
[18-Aug-2020 13:37:29 Asia/Tokyo] POSTされた！
[18-Aug-2020 13:37:29 Asia/Tokyo] デバッグ：$next：2
[18-Aug-2020 13:37:30 Asia/Tokyo] POSTされた！
[18-Aug-2020 13:37:30 Asia/Tokyo] デバッグ：$next：1
[18-Aug-2020 13:37:49 Asia/Tokyo] POSTされた！
[18-Aug-2020 13:37:49 Asia/Tokyo] デバッグ：$next：1
[18-Aug-2020 13:38:18 Asia/Tokyo] POSTされた！
[18-Aug-2020 13:38:18 Asia/Tokyo] デバッグ：$next：1
[18-Aug-2020 13:38:33 Asia/Tokyo] POSTされた！
[18-Aug-2020 13:38:33 Asia/Tokyo] デバッグ：$next：1
[18-Aug-2020 13:38:35 Asia/Tokyo] POSTされた！
[18-Aug-2020 13:38:35 Asia/Tokyo] デバッグ：$next：2
[18-Aug-2020 13:40:34 Asia/Tokyo] POSTされた！
[18-Aug-2020 13:40:34 Asia/Tokyo] デバッグ：$next：2
[18-Aug-2020 13:40:36 Asia/Tokyo] POSTされた！
[18-Aug-2020 13:40:36 Asia/Tokyo] デバッグ：$next：2
[18-Aug-2020 13:42:09 Asia/Tokyo] POSTされた！
[18-Aug-2020 13:42:09 Asia/Tokyo] デバッグ：$next：on
[18-Aug-2020 13:42:11 Asia/Tokyo] POSTされた！
[18-Aug-2020 13:42:11 Asia/Tokyo] デバッグ：$next：on
[18-Aug-2020 13:42:27 Asia/Tokyo] POSTされた！
[18-Aug-2020 13:42:27 Asia/Tokyo] デバッグ：$next：off
[18-Aug-2020 13:43:12 Asia/Tokyo] POSTされた！
[18-Aug-2020 13:43:12 Asia/Tokyo] デバッグ：$next：off
[18-Aug-2020 13:43:14 Asia/Tokyo] POSTされた！
[18-Aug-2020 13:43:14 Asia/Tokyo] デバッグ：$next：on
[18-Aug-2020 13:43:43 Asia/Tokyo] POSTされた！
[18-Aug-2020 13:43:43 Asia/Tokyo] デバッグ：$next：on
[18-Aug-2020 13:44:19 Asia/Tokyo] POSTされた！
[18-Aug-2020 13:44:19 Asia/Tokyo] デバッグ：$next：on
[18-Aug-2020 13:44:21 Asia/Tokyo] POSTされた！
[18-Aug-2020 13:44:21 Asia/Tokyo] デバッグ：$next：off
[18-Aug-2020 13:45:21 Asia/Tokyo] POSTされた！
[18-Aug-2020 13:45:21 Asia/Tokyo] デバッグ：$next：on
[18-Aug-2020 13:45:21 Asia/Tokyo] デバッグ：$next：on
[18-Aug-2020 13:47:04 Asia/Tokyo] POSTされた！
[18-Aug-2020 13:47:04 Asia/Tokyo] デバッグ：$next：off
[18-Aug-2020 13:47:08 Asia/Tokyo] POSTされた！
[18-Aug-2020 13:47:08 Asia/Tokyo] デバッグ：$next：off
[18-Aug-2020 13:47:10 Asia/Tokyo] POSTされた！
[18-Aug-2020 13:47:10 Asia/Tokyo] デバッグ：$next：off
[18-Aug-2020 13:47:37 Asia/Tokyo] POSTされた！
[18-Aug-2020 13:47:37 Asia/Tokyo] デバッグ：$next：off
[18-Aug-2020 13:47:39 Asia/Tokyo] POSTされた！
[18-Aug-2020 13:47:39 Asia/Tokyo] デバッグ：$next：on
[18-Aug-2020 13:47:43 Asia/Tokyo] POSTされた！
[18-Aug-2020 13:47:43 Asia/Tokyo] デバッグ：$next：off
[18-Aug-2020 13:47:44 Asia/Tokyo] POSTされた！
[18-Aug-2020 13:47:44 Asia/Tokyo] デバッグ：$next：on
[18-Aug-2020 22:35:15 Asia/Tokyo] POSTされた！
[18-Aug-2020 22:35:15 Asia/Tokyo] デバッグ：$next：on
[18-Aug-2020 22:35:19 Asia/Tokyo] POSTされた！
[18-Aug-2020 22:35:19 Asia/Tokyo] デバッグ：$next：off
[18-Aug-2020 22:35:20 Asia/Tokyo] POSTされた！
[18-Aug-2020 22:35:20 Asia/Tokyo] デバッグ：$next：on
[18-Aug-2020 22:36:39 Asia/Tokyo] POSTされた！
[18-Aug-2020 22:36:39 Asia/Tokyo] デバッグ：$next：off
[18-Aug-2020 22:36:40 Asia/Tokyo] POSTされた！
[18-Aug-2020 22:36:40 Asia/Tokyo] デバッグ：$next：on
[18-Aug-2020 22:36:41 Asia/Tokyo] POSTされた！
[18-Aug-2020 22:36:41 Asia/Tokyo] デバッグ：$next：off
[18-Aug-2020 22:36:43 Asia/Tokyo] POSTされた！
[18-Aug-2020 22:36:43 Asia/Tokyo] デバッグ：$next：on
[18-Aug-2020 22:36:44 Asia/Tokyo] POSTされた！
[18-Aug-2020 22:36:44 Asia/Tokyo] デバッグ：$next：off
[18-Aug-2020 22:36:48 Asia/Tokyo] POSTされた！
[18-Aug-2020 22:36:48 Asia/Tokyo] デバッグ：$next：on
[18-Aug-2020 22:36:51 Asia/Tokyo] POSTされた！
[18-Aug-2020 22:36:51 Asia/Tokyo] デバッグ：$next：off
[18-Aug-2020 22:37:06 Asia/Tokyo] POSTされた！
[18-Aug-2020 22:37:06 Asia/Tokyo] デバッグ：$next：on
[18-Aug-2020 22:37:06 Asia/Tokyo] POSTされた！
[18-Aug-2020 22:37:06 Asia/Tokyo] デバッグ：$next：off
[18-Aug-2020 22:49:06 Asia/Tokyo] POSTされた！
[18-Aug-2020 22:49:06 Asia/Tokyo] PHP Notice:  Undefined variable: next in /Applications/MAMP/htdocs/objective_OP/webkatsu/fix.php on line 307
[18-Aug-2020 22:49:06 Asia/Tokyo] PHP Notice:  Undefined variable: next in /Applications/MAMP/htdocs/objective_OP/webkatsu/fix.php on line 312
[18-Aug-2020 22:49:59 Asia/Tokyo] POSTされた！
[18-Aug-2020 22:50:07 Asia/Tokyo] POSTされた！
[18-Aug-2020 22:50:09 Asia/Tokyo] POSTされた！
[18-Aug-2020 22:50:18 Asia/Tokyo] POSTされた！
[18-Aug-2020 22:50:19 Asia/Tokyo] POSTされた！
[18-Aug-2020 22:51:49 Asia/Tokyo] POSTされた！
[18-Aug-2020 22:51:51 Asia/Tokyo] POSTされた！
[18-Aug-2020 22:52:42 Asia/Tokyo] POSTされた！
[18-Aug-2020 22:54:39 Asia/Tokyo] POSTされた！
[18-Aug-2020 22:54:41 Asia/Tokyo] POSTされた！
[18-Aug-2020 22:54:43 Asia/Tokyo] POSTされた！
[18-Aug-2020 22:55:09 Asia/Tokyo] POSTされた！
[18-Aug-2020 22:55:12 Asia/Tokyo] POSTされた！
[18-Aug-2020 22:55:18 Asia/Tokyo] POSTされた！
[18-Aug-2020 22:55:21 Asia/Tokyo] POSTされた！
[18-Aug-2020 22:55:23 Asia/Tokyo] POSTされた！
[18-Aug-2020 22:55:25 Asia/Tokyo] POSTされた！
[18-Aug-2020 22:55:48 Asia/Tokyo] POSTされた！
[18-Aug-2020 22:55:52 Asia/Tokyo] POSTされた！
[18-Aug-2020 22:56:32 Asia/Tokyo] POSTされた！
[18-Aug-2020 22:56:34 Asia/Tokyo] POSTされた！
[18-Aug-2020 22:56:37 Asia/Tokyo] POSTされた！
[18-Aug-2020 22:56:41 Asia/Tokyo] POSTされた！
[18-Aug-2020 22:56:45 Asia/Tokyo] POSTされた！
[18-Aug-2020 22:58:23 Asia/Tokyo] POSTされた！
[18-Aug-2020 22:58:24 Asia/Tokyo] POSTされた！
[18-Aug-2020 22:58:25 Asia/Tokyo] POSTされた！
[18-Aug-2020 22:58:26 Asia/Tokyo] POSTされた！
[18-Aug-2020 22:59:10 Asia/Tokyo] POSTされた！
[18-Aug-2020 22:59:11 Asia/Tokyo] POSTされた！
[18-Aug-2020 22:59:13 Asia/Tokyo] POSTされた！
[18-Aug-2020 23:00:22 Asia/Tokyo] POSTされた！
[18-Aug-2020 23:01:06 Asia/Tokyo] POSTされた！
[18-Aug-2020 23:01:19 Asia/Tokyo] POSTされた！
[18-Aug-2020 23:01:29 Asia/Tokyo] POSTされた！
[18-Aug-2020 23:01:45 Asia/Tokyo] POSTされた！
[18-Aug-2020 23:01:50 Asia/Tokyo] POSTされた！
[18-Aug-2020 23:02:02 Asia/Tokyo] POSTされた！
[18-Aug-2020 23:02:07 Asia/Tokyo] POSTされた！
[18-Aug-2020 23:02:11 Asia/Tokyo] POSTされた！
[18-Aug-2020 23:02:13 Asia/Tokyo] POSTされた！
[18-Aug-2020 23:02:15 Asia/Tokyo] POSTされた！
[18-Aug-2020 23:02:16 Asia/Tokyo] POSTされた！
[18-Aug-2020 23:02:17 Asia/Tokyo] POSTされた！
[18-Aug-2020 23:02:19 Asia/Tokyo] POSTされた！
[18-Aug-2020 23:03:25 Asia/Tokyo] POSTされた！
[18-Aug-2020 23:04:13 Asia/Tokyo] POSTされた！
[18-Aug-2020 23:05:52 Asia/Tokyo] POSTされた！
[18-Aug-2020 23:05:58 Asia/Tokyo] POSTされた！
[18-Aug-2020 23:06:05 Asia/Tokyo] POSTされた！
[18-Aug-2020 23:15:31 Asia/Tokyo] POSTされた！
[18-Aug-2020 23:15:40 Asia/Tokyo] POSTされた！
[18-Aug-2020 23:15:43 Asia/Tokyo] POSTされた！
[18-Aug-2020 23:16:17 Asia/Tokyo] POSTされた！
[18-Aug-2020 23:19:27 Asia/Tokyo] POSTされた！
[18-Aug-2020 23:20:02 Asia/Tokyo] POSTされた！
[18-Aug-2020 23:20:05 Asia/Tokyo] POSTされた！
[18-Aug-2020 23:20:10 Asia/Tokyo] POSTされた！
[18-Aug-2020 23:20:11 Asia/Tokyo] POSTされた！
[18-Aug-2020 23:20:12 Asia/Tokyo] POSTされた！
[18-Aug-2020 23:20:15 Asia/Tokyo] POSTされた！
[18-Aug-2020 23:20:17 Asia/Tokyo] POSTされた！
[18-Aug-2020 23:20:19 Asia/Tokyo] POSTされた！
[18-Aug-2020 23:20:22 Asia/Tokyo] POSTされた！
[18-Aug-2020 23:20:24 Asia/Tokyo] POSTされた！
[18-Aug-2020 23:22:34 Asia/Tokyo] POSTされた！
[18-Aug-2020 23:22:36 Asia/Tokyo] POSTされた！
[18-Aug-2020 23:22:39 Asia/Tokyo] POSTされた！
[18-Aug-2020 23:22:43 Asia/Tokyo] POSTされた！
[18-Aug-2020 23:22:46 Asia/Tokyo] POSTされた！
[18-Aug-2020 23:23:58 Asia/Tokyo] POSTされた！
[18-Aug-2020 23:24:01 Asia/Tokyo] POSTされた！
[18-Aug-2020 23:24:04 Asia/Tokyo] POSTされた！
[18-Aug-2020 23:25:33 Asia/Tokyo] POSTされた！
[18-Aug-2020 23:25:35 Asia/Tokyo] POSTされた！
[18-Aug-2020 23:25:38 Asia/Tokyo] POSTされた！
[18-Aug-2020 23:26:55 Asia/Tokyo] POSTされた！
[18-Aug-2020 23:28:22 Asia/Tokyo] POSTされた！
[18-Aug-2020 23:28:50 Asia/Tokyo] POSTされた！
[18-Aug-2020 23:28:53 Asia/Tokyo] POSTされた！
[18-Aug-2020 23:28:59 Asia/Tokyo] POSTされた！
[18-Aug-2020 23:29:01 Asia/Tokyo] POSTされた！
[18-Aug-2020 23:29:05 Asia/Tokyo] POSTされた！
[18-Aug-2020 23:29:13 Asia/Tokyo] POSTされた！
[18-Aug-2020 23:29:15 Asia/Tokyo] POSTされた！
[18-Aug-2020 23:29:29 Asia/Tokyo] PHP Notice:  Undefined variable: next in /Applications/MAMP/htdocs/objective_OP/webkatsu/fix.php on line 344
[18-Aug-2020 23:29:29 Asia/Tokyo] PHP Notice:  Undefined variable: next in /Applications/MAMP/htdocs/objective_OP/webkatsu/fix.php on line 349
[18-Aug-2020 23:29:51 Asia/Tokyo] POSTされた！
[18-Aug-2020 23:30:14 Asia/Tokyo] POSTされた！
[18-Aug-2020 23:30:18 Asia/Tokyo] POSTされた！
[18-Aug-2020 23:30:24 Asia/Tokyo] POSTされた！
[18-Aug-2020 23:30:38 Asia/Tokyo] POSTされた！
[18-Aug-2020 23:31:06 Asia/Tokyo] POSTされた！
[18-Aug-2020 23:32:02 Asia/Tokyo] POSTされた！
[18-Aug-2020 23:32:02 Asia/Tokyo] デバッグ：$next：off
[18-Aug-2020 23:32:06 Asia/Tokyo] POSTされた！
[18-Aug-2020 23:32:06 Asia/Tokyo] デバッグ：$next：off
[18-Aug-2020 23:33:17 Asia/Tokyo] POSTされた！
[18-Aug-2020 23:33:17 Asia/Tokyo] デバッグ：$next：off
[18-Aug-2020 23:33:19 Asia/Tokyo] POSTされた！
[18-Aug-2020 23:33:19 Asia/Tokyo] デバッグ：$next：on
[18-Aug-2020 23:33:20 Asia/Tokyo] POSTされた！
[18-Aug-2020 23:33:20 Asia/Tokyo] デバッグ：$next：off
[18-Aug-2020 23:34:19 Asia/Tokyo] POSTされた！
[18-Aug-2020 23:34:19 Asia/Tokyo] デバッグ：$next：on
[18-Aug-2020 23:34:27 Asia/Tokyo] POSTされた！
[18-Aug-2020 23:34:27 Asia/Tokyo] デバッグ：$next：off
[18-Aug-2020 23:34:37 Asia/Tokyo] POSTされた！
[18-Aug-2020 23:34:37 Asia/Tokyo] デバッグ：$next：on
[18-Aug-2020 23:35:24 Asia/Tokyo] POSTされた！
[18-Aug-2020 23:35:24 Asia/Tokyo] デバッグ：$next：on
[18-Aug-2020 23:35:29 Asia/Tokyo] POSTされた！
[18-Aug-2020 23:35:29 Asia/Tokyo] デバッグ：$next：off
[18-Aug-2020 23:35:32 Asia/Tokyo] POSTされた！
[18-Aug-2020 23:35:32 Asia/Tokyo] デバッグ：$next：on
[18-Aug-2020 23:35:35 Asia/Tokyo] POSTされた！
[18-Aug-2020 23:35:35 Asia/Tokyo] デバッグ：$next：off
[18-Aug-2020 23:35:51 Asia/Tokyo] POSTされた！
[18-Aug-2020 23:35:51 Asia/Tokyo] デバッグ：$next：off
[18-Aug-2020 23:35:52 Asia/Tokyo] POSTされた！
[18-Aug-2020 23:35:52 Asia/Tokyo] デバッグ：$next：on
[18-Aug-2020 23:35:55 Asia/Tokyo] POSTされた！
[18-Aug-2020 23:35:55 Asia/Tokyo] デバッグ：$next：off
[18-Aug-2020 23:40:33 Asia/Tokyo] PHP Notice:  Undefined variable: next in /Applications/MAMP/htdocs/objective_OP/webkatsu/fix.php on line 360
[18-Aug-2020 23:40:33 Asia/Tokyo] PHP Notice:  Undefined variable: next in /Applications/MAMP/htdocs/objective_OP/webkatsu/fix.php on line 365
[18-Aug-2020 23:40:37 Asia/Tokyo] POSTされた！
[18-Aug-2020 23:40:37 Asia/Tokyo] デバッグ：$next：off
[18-Aug-2020 23:42:09 Asia/Tokyo] POSTされた！
[18-Aug-2020 23:42:09 Asia/Tokyo] デバッグ：$next：off
[18-Aug-2020 23:42:11 Asia/Tokyo] POSTされた！
[18-Aug-2020 23:42:11 Asia/Tokyo] デバッグ：$next：on
[18-Aug-2020 23:42:15 Asia/Tokyo] POSTされた！
[18-Aug-2020 23:42:15 Asia/Tokyo] デバッグ：$next：off
[18-Aug-2020 23:43:12 Asia/Tokyo] POSTされた！
[18-Aug-2020 23:43:12 Asia/Tokyo] デバッグ：$next：off
[18-Aug-2020 23:43:14 Asia/Tokyo] POSTされた！
[18-Aug-2020 23:43:14 Asia/Tokyo] デバッグ：$next：on
[18-Aug-2020 23:43:16 Asia/Tokyo] POSTされた！
[18-Aug-2020 23:43:16 Asia/Tokyo] デバッグ：$next：off
[18-Aug-2020 23:43:51 Asia/Tokyo] POSTされた！
[18-Aug-2020 23:43:51 Asia/Tokyo] デバッグ：$next：off
[18-Aug-2020 23:43:53 Asia/Tokyo] POSTされた！
[18-Aug-2020 23:43:53 Asia/Tokyo] デバッグ：$next：on
[18-Aug-2020 23:43:56 Asia/Tokyo] POSTされた！
[18-Aug-2020 23:43:56 Asia/Tokyo] デバッグ：$next：off
[18-Aug-2020 23:45:16 Asia/Tokyo] POSTされた！
[18-Aug-2020 23:45:16 Asia/Tokyo] PHP Fatal error:  Uncaught Error: Call to undefined function set() in /Applications/MAMP/htdocs/objective_OP/webkatsu/fix.php:255
Stack trace:
#0 {main}
  thrown in /Applications/MAMP/htdocs/objective_OP/webkatsu/fix.php on line 255
[18-Aug-2020 23:45:48 Asia/Tokyo] POSTされた！
[18-Aug-2020 23:45:48 Asia/Tokyo] デバッグ：$next：off
[18-Aug-2020 23:45:50 Asia/Tokyo] POSTされた！
[18-Aug-2020 23:45:50 Asia/Tokyo] デバッグ：$next：on
[18-Aug-2020 23:45:52 Asia/Tokyo] POSTされた！
[18-Aug-2020 23:45:52 Asia/Tokyo] デバッグ：$next：off
[18-Aug-2020 23:46:32 Asia/Tokyo] POSTされた！
[18-Aug-2020 23:46:32 Asia/Tokyo] デバッグ：$next：off
[18-Aug-2020 23:46:34 Asia/Tokyo] POSTされた！
[18-Aug-2020 23:46:34 Asia/Tokyo] デバッグ：$next：on
[18-Aug-2020 23:46:36 Asia/Tokyo] POSTされた！
[18-Aug-2020 23:46:36 Asia/Tokyo] デバッグ：$next：off
[18-Aug-2020 23:48:07 Asia/Tokyo] POSTされた！
[18-Aug-2020 23:48:07 Asia/Tokyo] デバッグ：$next：off
[18-Aug-2020 23:48:08 Asia/Tokyo] POSTされた！
[18-Aug-2020 23:48:08 Asia/Tokyo] デバッグ：$next：on
[18-Aug-2020 23:48:11 Asia/Tokyo] POSTされた！
[18-Aug-2020 23:48:11 Asia/Tokyo] デバッグ：$next：off
[18-Aug-2020 23:48:31 Asia/Tokyo] POSTされた！
[18-Aug-2020 23:48:31 Asia/Tokyo] デバッグ：$next：off
[18-Aug-2020 23:48:33 Asia/Tokyo] POSTされた！
[18-Aug-2020 23:48:33 Asia/Tokyo] デバッグ：$next：on
[18-Aug-2020 23:48:35 Asia/Tokyo] POSTされた！
[18-Aug-2020 23:48:35 Asia/Tokyo] デバッグ：$next：off
[18-Aug-2020 23:52:28 Asia/Tokyo] POSTされた！
[18-Aug-2020 23:52:28 Asia/Tokyo] デバッグ：$next：off
[18-Aug-2020 23:52:40 Asia/Tokyo] POSTされた！
[18-Aug-2020 23:52:40 Asia/Tokyo] デバッグ：$next：on
[18-Aug-2020 23:52:42 Asia/Tokyo] POSTされた！
[18-Aug-2020 23:52:42 Asia/Tokyo] デバッグ：$next：off
[18-Aug-2020 23:52:43 Asia/Tokyo] POSTされた！
[18-Aug-2020 23:52:43 Asia/Tokyo] デバッグ：$next：on
[18-Aug-2020 23:52:45 Asia/Tokyo] POSTされた！
[18-Aug-2020 23:52:45 Asia/Tokyo] デバッグ：$next：off
[18-Aug-2020 23:53:36 Asia/Tokyo] POSTされた！
[18-Aug-2020 23:53:36 Asia/Tokyo] デバッグ：$next：off
[18-Aug-2020 23:53:37 Asia/Tokyo] POSTされた！
[18-Aug-2020 23:53:37 Asia/Tokyo] デバッグ：$next：on
[18-Aug-2020 23:53:45 Asia/Tokyo] POSTされた！
[18-Aug-2020 23:53:45 Asia/Tokyo] デバッグ：$next：off
[18-Aug-2020 23:54:26 Asia/Tokyo] POSTされた！
[18-Aug-2020 23:54:26 Asia/Tokyo] PHP Notice:  Undefined variable: condition in /Applications/MAMP/htdocs/objective_OP/webkatsu/fix.php on line 242
[18-Aug-2020 23:54:26 Asia/Tokyo] デバッグ：$condition：
[18-Aug-2020 23:54:26 Asia/Tokyo] デバッグ：$next：off
[18-Aug-2020 23:54:28 Asia/Tokyo] POSTされた！
[18-Aug-2020 23:54:28 Asia/Tokyo] デバッグ：$next：on
[18-Aug-2020 23:54:30 Asia/Tokyo] POSTされた！
[18-Aug-2020 23:54:30 Asia/Tokyo] PHP Notice:  Undefined variable: condition in /Applications/MAMP/htdocs/objective_OP/webkatsu/fix.php on line 242
[18-Aug-2020 23:54:30 Asia/Tokyo] デバッグ：$condition：
[18-Aug-2020 23:54:30 Asia/Tokyo] デバッグ：$next：off
[18-Aug-2020 23:55:24 Asia/Tokyo] POSTされた！
[18-Aug-2020 23:55:24 Asia/Tokyo] デバッグ：$condition：泥ハンドが現れた！<br>勇者見習いの攻撃！<br>勇者見習いのクリティカルヒット!!<br>141ポイントのダメージ！<br>泥ハンドが叫ぶ！<br>はうっ！<br>泥ハンドを倒した！<br>フランケンNEOが現れた！<br>フランケンNEOの攻撃！<br>28ポイントのダメージ！<br>勇者見習いが叫ぶ！<br>フランケンNEOが現れた！<br>勇者見習いの攻撃！<br>45ポイントのダメージ！<br>フランケンNEOが叫ぶ！<br>はうっ！<br>フランケンNEOの攻撃！<br>36ポイントのダメージ！<br>勇者見習いが叫ぶ！<br>フランケンNEOの攻撃！<br>50ポイントのダメージ！<br>勇者見習いが叫ぶ！<br>勇者見習いの攻撃！<br>101ポイントのダメージ！<br>フランケンNEOが叫ぶ！<br>はうっ！<br>フランケンNEOの攻撃！<br>48ポイントのダメージ！<br>勇者見習いが叫ぶ！<br>フランケンNEOの攻撃！<br>フランケンNEOの魔法攻撃!!<br>96ポイントのダメージを受けた！<br>勇者見習いが叫ぶ！<br>
[18-Aug-2020 23:55:24 Asia/Tokyo] デバッグ：$next：off
[18-Aug-2020 23:55:25 Asia/Tokyo] POSTされた！
[18-Aug-2020 23:55:25 Asia/Tokyo] デバッグ：$next：on
[18-Aug-2020 23:55:26 Asia/Tokyo] POSTされた！
[18-Aug-2020 23:55:26 Asia/Tokyo] デバッグ：$condition：泥ハンドが現れた！<br>勇者見習いの攻撃！<br>勇者見習いのクリティカルヒット!!<br>141ポイントのダメージ！<br>泥ハンドが叫ぶ！<br>はうっ！<br>泥ハンドを倒した！<br>フランケンNEOが現れた！<br>フランケンNEOの攻撃！<br>28ポイントのダメージ！<br>勇者見習いが叫ぶ！<br>フランケンNEOが現れた！<br>勇者見習いの攻撃！<br>45ポイントのダメージ！<br>フランケンNEOが叫ぶ！<br>はうっ！<br>フランケンNEOの攻撃！<br>36ポイントのダメージ！<br>勇者見習いが叫ぶ！<br>フランケンNEOの攻撃！<br>50ポイントのダメージ！<br>勇者見習いが叫ぶ！<br>勇者見習いの攻撃！<br>101ポイントのダメージ！<br>フランケンNEOが叫ぶ！<br>はうっ！<br>フランケンNEOの攻撃！<br>48ポイントのダメージ！<br>勇者見習いが叫ぶ！<br>フランケンNEOの攻撃！<br>フランケンNEOの魔法攻撃!!<br>96ポイントのダメージを受けた！<br>勇者見習いが叫ぶ！<br>勇者見習いの攻撃！<br>62ポイントのダメージ！<br>フランケンNEOが叫ぶ！<br>はうっ！<br>フランケンNEOの攻撃！<br>フランケンNEOの魔法攻撃!!<br>96ポイントのダメージを受けた！<br>勇者見習いが叫ぶ！<br>
[18-Aug-2020 23:55:26 Asia/Tokyo] デバッグ：$next：off
[18-Aug-2020 23:58:43 Asia/Tokyo] POSTされた！
[18-Aug-2020 23:58:43 Asia/Tokyo] デバッグ：$condition：泥ハンドが現れた！<br>勇者見習いの攻撃！<br>勇者見習いのクリティカルヒット!!<br>141ポイントのダメージ！<br>泥ハンドが叫ぶ！<br>はうっ！<br>泥ハンドを倒した！<br>フランケンNEOが現れた！<br>フランケンNEOの攻撃！<br>28ポイントのダメージ！<br>勇者見習いが叫ぶ！<br>フランケンNEOが現れた！<br>勇者見習いの攻撃！<br>45ポイントのダメージ！<br>フランケンNEOが叫ぶ！<br>はうっ！<br>フランケンNEOの攻撃！<br>36ポイントのダメージ！<br>勇者見習いが叫ぶ！<br>フランケンNEOの攻撃！<br>50ポイントのダメージ！<br>勇者見習いが叫ぶ！<br>勇者見習いの攻撃！<br>101ポイントのダメージ！<br>フランケンNEOが叫ぶ！<br>はうっ！<br>フランケンNEOの攻撃！<br>48ポイントのダメージ！<br>勇者見習いが叫ぶ！<br>フランケンNEOの攻撃！<br>フランケンNEOの魔法攻撃!!<br>96ポイントのダメージを受けた！<br>勇者見習いが叫ぶ！<br>勇者見習いの攻撃！<br>62ポイントのダメージ！<br>フランケンNEOが叫ぶ！<br>はうっ！<br>フランケンNEOの攻撃！<br>フランケンNEOの魔法攻撃!!<br>96ポイントのダメージを受けた！<br>勇者見習いが叫ぶ！<br>フランケンNEOの攻撃！<br>53ポイントのダメージ！<br>勇者見習いが叫ぶ！<br>
[18-Aug-2020 23:58:43 Asia/Tokyo] デバッグ：$next：off
[18-Aug-2020 23:58:47 Asia/Tokyo] POSTされた！
[18-Aug-2020 23:58:47 Asia/Tokyo] デバッグ：$next：on
[18-Aug-2020 23:58:49 Asia/Tokyo] POSTされた！
[18-Aug-2020 23:58:49 Asia/Tokyo] デバッグ：$condition：泥ハンドが現れた！<br>勇者見習いの攻撃！<br>勇者見習いのクリティカルヒット!!<br>141ポイントのダメージ！<br>泥ハンドが叫ぶ！<br>はうっ！<br>泥ハンドを倒した！<br>フランケンNEOが現れた！<br>フランケンNEOの攻撃！<br>28ポイントのダメージ！<br>勇者見習いが叫ぶ！<br>フランケンNEOが現れた！<br>勇者見習いの攻撃！<br>45ポイントのダメージ！<br>フランケンNEOが叫ぶ！<br>はうっ！<br>フランケンNEOの攻撃！<br>36ポイントのダメージ！<br>勇者見習いが叫ぶ！<br>フランケンNEOの攻撃！<br>50ポイントのダメージ！<br>勇者見習いが叫ぶ！<br>勇者見習いの攻撃！<br>101ポイントのダメージ！<br>フランケンNEOが叫ぶ！<br>はうっ！<br>フランケンNEOの攻撃！<br>48ポイントのダメージ！<br>勇者見習いが叫ぶ！<br>フランケンNEOの攻撃！<br>フランケンNEOの魔法攻撃!!<br>96ポイントのダメージを受けた！<br>勇者見習いが叫ぶ！<br>勇者見習いの攻撃！<br>62ポイントのダメージ！<br>フランケンNEOが叫ぶ！<br>はうっ！<br>フランケンNEOの攻撃！<br>フランケンNEOの魔法攻撃!!<br>96ポイントのダメージを受けた！<br>勇者見習いが叫ぶ！<br>フランケンNEOの攻撃！<br>53ポイントのダメージ！<br>勇者見習いが叫ぶ！<br>勇者見習いの攻撃！<br>101ポイントのダメージ！<br>フランケンNEOが叫ぶ！<br>はうっ！<br>フランケンNEOを倒した！<br>ドラキュラ男爵が現れた！<br>ドラキュラ男爵の攻撃！<br>ドラキュラ男爵の魔法攻撃!!<br>65ポイントのダメージを受けた！<br>勇者見習いが叫ぶ！<br>
[18-Aug-2020 23:58:49 Asia/Tokyo] デバッグ：$next：off
[18-Aug-2020 23:59:45 Asia/Tokyo] POSTされた！
[18-Aug-2020 23:59:45 Asia/Tokyo] デバッグ：$next：on
[19-Aug-2020 00:00:36 Asia/Tokyo] POSTされた！
[19-Aug-2020 00:00:36 Asia/Tokyo] デバッグ：$next：on
[19-Aug-2020 00:00:40 Asia/Tokyo] POSTされた！
[19-Aug-2020 00:00:40 Asia/Tokyo] デバッグ：$next：off
[19-Aug-2020 00:00:41 Asia/Tokyo] POSTされた！
[19-Aug-2020 00:00:41 Asia/Tokyo] デバッグ：$next：on
[19-Aug-2020 00:00:43 Asia/Tokyo] POSTされた！
[19-Aug-2020 00:00:43 Asia/Tokyo] デバッグ：$condition：泥ハンドが現れた！<br>勇者見習いの攻撃！<br>勇者見習いのクリティカルヒット!!<br>141ポイントのダメージ！<br>泥ハンドが叫ぶ！<br>はうっ！<br>泥ハンドを倒した！<br>フランケンNEOが現れた！<br>フランケンNEOの攻撃！<br>28ポイントのダメージ！<br>勇者見習いが叫ぶ！<br>フランケンNEOが現れた！<br>勇者見習いの攻撃！<br>45ポイントのダメージ！<br>フランケンNEOが叫ぶ！<br>はうっ！<br>フランケンNEOの攻撃！<br>36ポイントのダメージ！<br>勇者見習いが叫ぶ！<br>フランケンNEOの攻撃！<br>50ポイントのダメージ！<br>勇者見習いが叫ぶ！<br>勇者見習いの攻撃！<br>101ポイントのダメージ！<br>フランケンNEOが叫ぶ！<br>はうっ！<br>フランケンNEOの攻撃！<br>48ポイントのダメージ！<br>勇者見習いが叫ぶ！<br>フランケンNEOの攻撃！<br>フランケンNEOの魔法攻撃!!<br>96ポイントのダメージを受けた！<br>勇者見習いが叫ぶ！<br>勇者見習いの攻撃！<br>62ポイントのダメージ！<br>フランケンNEOが叫ぶ！<br>はうっ！<br>フランケンNEOの攻撃！<br>フランケンNEOの魔法攻撃!!<br>96ポイントのダメージを受けた！<br>勇者見習いが叫ぶ！<br>フランケンNEOの攻撃！<br>53ポイントのダメージ！<br>勇者見習いが叫ぶ！<br>勇者見習いの攻撃！<br>101ポイントのダメージ！<br>フランケンNEOが叫ぶ！<br>はうっ！<br>フランケンNEOを倒した！<br>ドラキュラ男爵が現れた！<br>ドラキュラ男爵の攻撃！<br>ドラキュラ男爵の魔法攻撃!!<br>65ポイントのダメージを受けた！<br>勇者見習いが叫ぶ！<br>勇者見習いの攻撃！<br>96ポイントのダメージ！<br>ドラキュラ男爵が叫ぶ！<br>はうっ！<br>勇者見習いの攻撃！<br>43ポイントのダメージ！<br>ドラキュラ男爵が叫ぶ！<br>はうっ！<br>泥ハンドが現れた！<br>勇者見習いの攻撃！<br>勇者見習いのクリティカルヒット!!<br>136ポイントのダメージ！<br>泥ハンドが叫ぶ！<br>はうっ！<br>泥ハンドを倒した！<br>ドラキュリーが現れた！<br>ドラキュリーの攻撃！<br>34ポイントのダメージ！<br>勇者見習いが叫ぶ！<br>
[19-Aug-2020 00:00:43 Asia/Tokyo] デバッグ：$next：ons
[19-Aug-2020 00:00:46 Asia/Tokyo] POSTされた！
[19-Aug-2020 00:00:46 Asia/Tokyo] デバッグ：$condition：泥ハンドが現れた！<br>勇者見習いの攻撃！<br>勇者見習いのクリティカルヒット!!<br>141ポイントのダメージ！<br>泥ハンドが叫ぶ！<br>はうっ！<br>泥ハンドを倒した！<br>フランケンNEOが現れた！<br>フランケンNEOの攻撃！<br>28ポイントのダメージ！<br>勇者見習いが叫ぶ！<br>フランケンNEOが現れた！<br>勇者見習いの攻撃！<br>45ポイントのダメージ！<br>フランケンNEOが叫ぶ！<br>はうっ！<br>フランケンNEOの攻撃！<br>36ポイントのダメージ！<br>勇者見習いが叫ぶ！<br>フランケンNEOの攻撃！<br>50ポイントのダメージ！<br>勇者見習いが叫ぶ！<br>勇者見習いの攻撃！<br>101ポイントのダメージ！<br>フランケンNEOが叫ぶ！<br>はうっ！<br>フランケンNEOの攻撃！<br>48ポイントのダメージ！<br>勇者見習いが叫ぶ！<br>フランケンNEOの攻撃！<br>フランケンNEOの魔法攻撃!!<br>96ポイントのダメージを受けた！<br>勇者見習いが叫ぶ！<br>勇者見習いの攻撃！<br>62ポイントのダメージ！<br>フランケンNEOが叫ぶ！<br>はうっ！<br>フランケンNEOの攻撃！<br>フランケンNEOの魔法攻撃!!<br>96ポイントのダメージを受けた！<br>勇者見習いが叫ぶ！<br>フランケンNEOの攻撃！<br>53ポイントのダメージ！<br>勇者見習いが叫ぶ！<br>勇者見習いの攻撃！<br>101ポイントのダメージ！<br>フランケンNEOが叫ぶ！<br>はうっ！<br>フランケンNEOを倒した！<br>ドラキュラ男爵が現れた！<br>ドラキュラ男爵の攻撃！<br>ドラキュラ男爵の魔法攻撃!!<br>65ポイントのダメージを受けた！<br>勇者見習いが叫ぶ！<br>勇者見習いの攻撃！<br>96ポイントのダメージ！<br>ドラキュラ男爵が叫ぶ！<br>はうっ！<br>勇者見習いの攻撃！<br>43ポイントのダメージ！<br>ドラキュラ男爵が叫ぶ！<br>はうっ！<br>泥ハンドが現れた！<br>勇者見習いの攻撃！<br>勇者見習いのクリティカルヒット!!<br>136ポイントのダメージ！<br>泥ハンドが叫ぶ！<br>はうっ！<br>泥ハンドを倒した！<br>ドラキュリーが現れた！<br>ドラキュリーの攻撃！<br>34ポイントのダメージ！<br>勇者見習いが叫ぶ！<br>ドラキュリーの攻撃！<br>48ポイントのダメージ！<br>勇者見習いが叫ぶ！<br>
[19-Aug-2020 00:00:46 Asia/Tokyo] デバッグ：$next：ons
[19-Aug-2020 00:01:28 Asia/Tokyo] POSTされた！
[19-Aug-2020 00:01:28 Asia/Tokyo] デバッグ：$condition：ドラキュリーの攻撃！<br>38ポイントのダメージ！<br>勇者見習いが叫ぶ！<br>
[19-Aug-2020 00:01:28 Asia/Tokyo] デバッグ：$next：ons
[19-Aug-2020 00:01:30 Asia/Tokyo] POSTされた！
[19-Aug-2020 00:01:30 Asia/Tokyo] デバッグ：$next：off
[19-Aug-2020 00:01:32 Asia/Tokyo] POSTされた！
[19-Aug-2020 00:01:32 Asia/Tokyo] デバッグ：$next：on
[19-Aug-2020 00:01:34 Asia/Tokyo] POSTされた！
[19-Aug-2020 00:01:34 Asia/Tokyo] デバッグ：$condition：ドラキュリーの攻撃！<br>ドラキュリーのクリティカルヒット!!<br>64ポイントのダメージ！<br>勇者見習いが叫ぶ！<br>
[19-Aug-2020 00:01:34 Asia/Tokyo] デバッグ：$next：ons
[19-Aug-2020 00:01:36 Asia/Tokyo] POSTされた！
[19-Aug-2020 00:01:36 Asia/Tokyo] デバッグ：$condition：ドラキュリーの攻撃！<br>37ポイントのダメージ！<br>勇者見習いが叫ぶ！<br>
[19-Aug-2020 00:01:36 Asia/Tokyo] デバッグ：$next：ons
[19-Aug-2020 00:01:38 Asia/Tokyo] POSTされた！
[19-Aug-2020 00:01:38 Asia/Tokyo] デバッグ：$condition：ドラキュリーの攻撃！<br>41ポイントのダメージ！<br>勇者見習いが叫ぶ！<br>
[19-Aug-2020 00:01:38 Asia/Tokyo] デバッグ：$next：ons
[19-Aug-2020 00:01:46 Asia/Tokyo] POSTされた！
[19-Aug-2020 00:01:46 Asia/Tokyo] デバッグ：$next：off
[19-Aug-2020 00:01:48 Asia/Tokyo] POSTされた！
[19-Aug-2020 00:01:48 Asia/Tokyo] デバッグ：$next：on
[19-Aug-2020 00:02:25 Asia/Tokyo] POSTされた！
[19-Aug-2020 00:02:25 Asia/Tokyo] デバッグ：$next：on
[19-Aug-2020 00:02:26 Asia/Tokyo] POSTされた！
[19-Aug-2020 00:02:26 Asia/Tokyo] PHP Fatal error:  Uncaught Error: Class 'condiction' not found in /Applications/MAMP/htdocs/objective_OP/webkatsu/fix.php:190
Stack trace:
#0 /Applications/MAMP/htdocs/objective_OP/webkatsu/fix.php(211): init()
#1 {main}
  thrown in /Applications/MAMP/htdocs/objective_OP/webkatsu/fix.php on line 190
[19-Aug-2020 00:02:43 Asia/Tokyo] POSTされた！
[19-Aug-2020 00:02:43 Asia/Tokyo] デバッグ：$next：off
[19-Aug-2020 00:02:44 Asia/Tokyo] POSTされた！
[19-Aug-2020 00:02:44 Asia/Tokyo] デバッグ：$next：on
[19-Aug-2020 00:02:49 Asia/Tokyo] POSTされた！
[19-Aug-2020 00:02:49 Asia/Tokyo] デバッグ：$condition：スカルフェイスの攻撃！<br>57ポイントのダメージ！<br>勇者見習いが叫ぶ！<br>
[19-Aug-2020 00:02:49 Asia/Tokyo] デバッグ：$next：ons
[19-Aug-2020 00:02:57 Asia/Tokyo] POSTされた！
[19-Aug-2020 00:02:57 Asia/Tokyo] デバッグ：$condition：スカルフェイスの攻撃！<br>33ポイントのダメージ！<br>勇者見習いが叫ぶ！<br>
[19-Aug-2020 00:02:57 Asia/Tokyo] デバッグ：$next：ons
[19-Aug-2020 00:02:58 Asia/Tokyo] POSTされた！
[19-Aug-2020 00:02:58 Asia/Tokyo] デバッグ：$next：off
[19-Aug-2020 00:03:00 Asia/Tokyo] POSTされた！
[19-Aug-2020 00:03:00 Asia/Tokyo] デバッグ：$next：on
[19-Aug-2020 00:03:02 Asia/Tokyo] POSTされた！
[19-Aug-2020 00:03:02 Asia/Tokyo] デバッグ：$condition：ドラキュリーの攻撃！<br>38ポイントのダメージ！<br>勇者見習いが叫ぶ！<br>
[19-Aug-2020 00:03:02 Asia/Tokyo] デバッグ：$next：ons
[19-Aug-2020 00:07:59 Asia/Tokyo] POSTされた！
[19-Aug-2020 00:07:59 Asia/Tokyo] デバッグ：$condition：ドラキュリーの攻撃！<br>49ポイントのダメージ！<br>勇者見習いが叫ぶ！<br>
[19-Aug-2020 00:07:59 Asia/Tokyo] デバッグ：$next：ons
